COUNT(*)
37897
                     tempF                    humidity                  
sensor_id            dht01 dht02 dht03  dht04    dht01 dht02 dht03 dht04
when_day_time                                                           
2020-08-24 17:53:00  84.20  82.4   NaN  87.44     42.6  50.0   NaN  43.8
2020-08-24 17:53:30  84.20  82.4   NaN  87.80     42.4  50.0   NaN  44.0
2020-08-24 17:54:00  84.20  82.4   NaN  87.80     42.0  50.0   NaN  44.0
2020-08-24 17:54:30  83.84  82.4   NaN  87.80     42.0  50.0   NaN  44.0
2020-08-24 17:55:00  84.20  82.4   NaN  87.80     42.4  50.0   NaN  44.0
2020-08-24 17:55:30  84.20  82.4   NaN  87.80     42.0  50.0   NaN  44.0
2020-08-24 17:56:00  84.20  82.4   NaN  87.44     42.0  50.0   NaN  43.8
2020-08-24 17:56:30  84.20  82.4   NaN  87.80     42.0  50.0   NaN  44.0
2020-08-24 17:57:00  84.20  82.4   NaN  87.80     42.0  50.0   NaN  44.0
2020-08-24 17:57:30  84.20  82.4   NaN  87.80     42.0  50.0   NaN  44.0
Exported: /home/bitnami/temp_project/data/interim/2020-08-24.pkl
COUNT(*)
38743
                    tempF                   humidity                  
sensor_id           dht01 dht02 dht03 dht04    dht01 dht02 dht03 dht04
when_day_time                                                         
2020-08-24 18:21:30  82.4  82.4   NaN  87.8    42.00  50.0   NaN  43.8
2020-08-24 18:22:00  82.4  82.4   NaN  87.8    42.00  50.0   NaN  44.0
2020-08-24 18:22:30  82.4  82.4   NaN  87.8    42.00  50.0   NaN  44.0
2020-08-24 18:23:00  82.4  82.4   NaN  87.8    42.20  50.0   NaN  44.0
2020-08-24 18:23:30  82.4  82.4   NaN  87.8    42.40  50.0   NaN  44.0
2020-08-24 18:24:00  82.4  82.4   NaN  87.8    42.20  50.0   NaN  44.0
2020-08-24 18:24:30  82.4  82.4   NaN  87.8    42.60  50.0   NaN  44.0
2020-08-24 18:25:00  82.4  82.4   NaN  87.8    42.50  50.0   NaN  44.0
2020-08-24 18:25:30  82.4  82.4   NaN  87.8    43.00  50.0   NaN  44.0
2020-08-24 18:26:00  82.4  82.4   NaN  87.8    42.75  50.0   NaN  44.0
Exported: /home/bitnami/temp_project/data/interim/2020-08-24.pkl
COUNT(*)
38743
                    tempF                   humidity                  
sensor_id           dht01 dht02 dht03 dht04    dht01 dht02 dht03 dht04
when_day_time                                                         
2020-08-24 18:21:30  82.4  82.4   NaN  87.8    42.00  50.0   NaN  43.8
2020-08-24 18:22:00  82.4  82.4   NaN  87.8    42.00  50.0   NaN  44.0
2020-08-24 18:22:30  82.4  82.4   NaN  87.8    42.00  50.0   NaN  44.0
2020-08-24 18:23:00  82.4  82.4   NaN  87.8    42.20  50.0   NaN  44.0
2020-08-24 18:23:30  82.4  82.4   NaN  87.8    42.40  50.0   NaN  44.0
2020-08-24 18:24:00  82.4  82.4   NaN  87.8    42.20  50.0   NaN  44.0
2020-08-24 18:24:30  82.4  82.4   NaN  87.8    42.60  50.0   NaN  44.0
2020-08-24 18:25:00  82.4  82.4   NaN  87.8    42.50  50.0   NaN  44.0
2020-08-24 18:25:30  82.4  82.4   NaN  87.8    43.00  50.0   NaN  44.0
2020-08-24 18:26:00  82.4  82.4   NaN  87.8    42.75  50.0   NaN  44.0
Exported: /home/bitnami/temp_project/data/interim/2020-08-24.pkl
COUNT(*)
38743
                    tempF                   humidity                  
sensor_id           dht01 dht02 dht03 dht04    dht01 dht02 dht03 dht04
when_day_time                                                         
2020-08-24 18:21:30  82.4  82.4   NaN  87.8    42.00  50.0   NaN  43.8
2020-08-24 18:22:00  82.4  82.4   NaN  87.8    42.00  50.0   NaN  44.0
2020-08-24 18:22:30  82.4  82.4   NaN  87.8    42.00  50.0   NaN  44.0
2020-08-24 18:23:00  82.4  82.4   NaN  87.8    42.20  50.0   NaN  44.0
2020-08-24 18:23:30  82.4  82.4   NaN  87.8    42.40  50.0   NaN  44.0
2020-08-24 18:24:00  82.4  82.4   NaN  87.8    42.20  50.0   NaN  44.0
2020-08-24 18:24:30  82.4  82.4   NaN  87.8    42.60  50.0   NaN  44.0
2020-08-24 18:25:00  82.4  82.4   NaN  87.8    42.50  50.0   NaN  44.0
2020-08-24 18:25:30  82.4  82.4   NaN  87.8    43.00  50.0   NaN  44.0
2020-08-24 18:26:00  82.4  82.4   NaN  87.8    42.75  50.0   NaN  44.0
Exported: /home/bitnami/temp_project/data/interim/2020-08-24.pkl
COUNT(*)
38743
                    tempF                   humidity                  
sensor_id           dht01 dht02 dht03 dht04    dht01 dht02 dht03 dht04
when_day_time                                                         
2020-08-24 18:21:30  82.4  82.4   NaN  87.8    42.00  50.0   NaN  43.8
2020-08-24 18:22:00  82.4  82.4   NaN  87.8    42.00  50.0   NaN  44.0
2020-08-24 18:22:30  82.4  82.4   NaN  87.8    42.00  50.0   NaN  44.0
2020-08-24 18:23:00  82.4  82.4   NaN  87.8    42.20  50.0   NaN  44.0
2020-08-24 18:23:30  82.4  82.4   NaN  87.8    42.40  50.0   NaN  44.0
2020-08-24 18:24:00  82.4  82.4   NaN  87.8    42.20  50.0   NaN  44.0
2020-08-24 18:24:30  82.4  82.4   NaN  87.8    42.60  50.0   NaN  44.0
2020-08-24 18:25:00  82.4  82.4   NaN  87.8    42.50  50.0   NaN  44.0
2020-08-24 18:25:30  82.4  82.4   NaN  87.8    43.00  50.0   NaN  44.0
2020-08-24 18:26:00  82.4  82.4   NaN  87.8    42.75  50.0   NaN  44.0
Exported: /home/bitnami/temp_project/data/interim/2020-08-24.pkl
COUNT(*)
38743
                    tempF                   humidity                  
sensor_id           dht01 dht02 dht03 dht04    dht01 dht02 dht03 dht04
when_day_time                                                         
2020-08-24 18:21:30  82.4  82.4   NaN  87.8    42.00  50.0   NaN  43.8
2020-08-24 18:22:00  82.4  82.4   NaN  87.8    42.00  50.0   NaN  44.0
2020-08-24 18:22:30  82.4  82.4   NaN  87.8    42.00  50.0   NaN  44.0
2020-08-24 18:23:00  82.4  82.4   NaN  87.8    42.20  50.0   NaN  44.0
2020-08-24 18:23:30  82.4  82.4   NaN  87.8    42.40  50.0   NaN  44.0
2020-08-24 18:24:00  82.4  82.4   NaN  87.8    42.20  50.0   NaN  44.0
2020-08-24 18:24:30  82.4  82.4   NaN  87.8    42.60  50.0   NaN  44.0
2020-08-24 18:25:00  82.4  82.4   NaN  87.8    42.50  50.0   NaN  44.0
2020-08-24 18:25:30  82.4  82.4   NaN  87.8    43.00  50.0   NaN  44.0
2020-08-24 18:26:00  82.4  82.4   NaN  87.8    42.75  50.0   NaN  44.0
Exported: /home/bitnami/temp_project/data/interim/2020-08-24.pkl
COUNT(*)
38743
                    tempF                   humidity                  
sensor_id           dht01 dht02 dht03 dht04    dht01 dht02 dht03 dht04
when_day_time                                                         
2020-08-24 18:21:30  82.4  82.4   NaN  87.8    42.00  50.0   NaN  43.8
2020-08-24 18:22:00  82.4  82.4   NaN  87.8    42.00  50.0   NaN  44.0
2020-08-24 18:22:30  82.4  82.4   NaN  87.8    42.00  50.0   NaN  44.0
2020-08-24 18:23:00  82.4  82.4   NaN  87.8    42.20  50.0   NaN  44.0
2020-08-24 18:23:30  82.4  82.4   NaN  87.8    42.40  50.0   NaN  44.0
2020-08-24 18:24:00  82.4  82.4   NaN  87.8    42.20  50.0   NaN  44.0
2020-08-24 18:24:30  82.4  82.4   NaN  87.8    42.60  50.0   NaN  44.0
2020-08-24 18:25:00  82.4  82.4   NaN  87.8    42.50  50.0   NaN  44.0
2020-08-24 18:25:30  82.4  82.4   NaN  87.8    43.00  50.0   NaN  44.0
2020-08-24 18:26:00  82.4  82.4   NaN  87.8    42.75  50.0   NaN  44.0
Exported: /home/bitnami/temp_project/data/interim/2020-08-24.pkl
COUNT(*)
38743
                    tempF                   humidity                  
sensor_id           dht01 dht02 dht03 dht04    dht01 dht02 dht03 dht04
when_day_time                                                         
2020-08-24 18:21:30  82.4  82.4   NaN  87.8    42.00  50.0   NaN  43.8
2020-08-24 18:22:00  82.4  82.4   NaN  87.8    42.00  50.0   NaN  44.0
2020-08-24 18:22:30  82.4  82.4   NaN  87.8    42.00  50.0   NaN  44.0
2020-08-24 18:23:00  82.4  82.4   NaN  87.8    42.20  50.0   NaN  44.0
2020-08-24 18:23:30  82.4  82.4   NaN  87.8    42.40  50.0   NaN  44.0
2020-08-24 18:24:00  82.4  82.4   NaN  87.8    42.20  50.0   NaN  44.0
2020-08-24 18:24:30  82.4  82.4   NaN  87.8    42.60  50.0   NaN  44.0
2020-08-24 18:25:00  82.4  82.4   NaN  87.8    42.50  50.0   NaN  44.0
2020-08-24 18:25:30  82.4  82.4   NaN  87.8    43.00  50.0   NaN  44.0
2020-08-24 18:26:00  82.4  82.4   NaN  87.8    42.75  50.0   NaN  44.0
Exported: /home/bitnami/temp_project/data/interim/2020-08-24.pkl
COUNT(*)
38743
                    tempF                   humidity                  
sensor_id           dht01 dht02 dht03 dht04    dht01 dht02 dht03 dht04
when_day_time                                                         
2020-08-24 18:21:30  82.4  82.4   NaN  87.8    42.00  50.0   NaN  43.8
2020-08-24 18:22:00  82.4  82.4   NaN  87.8    42.00  50.0   NaN  44.0
2020-08-24 18:22:30  82.4  82.4   NaN  87.8    42.00  50.0   NaN  44.0
2020-08-24 18:23:00  82.4  82.4   NaN  87.8    42.20  50.0   NaN  44.0
2020-08-24 18:23:30  82.4  82.4   NaN  87.8    42.40  50.0   NaN  44.0
2020-08-24 18:24:00  82.4  82.4   NaN  87.8    42.20  50.0   NaN  44.0
2020-08-24 18:24:30  82.4  82.4   NaN  87.8    42.60  50.0   NaN  44.0
2020-08-24 18:25:00  82.4  82.4   NaN  87.8    42.50  50.0   NaN  44.0
2020-08-24 18:25:30  82.4  82.4   NaN  87.8    43.00  50.0   NaN  44.0
2020-08-24 18:26:00  82.4  82.4   NaN  87.8    42.75  50.0   NaN  44.0
Exported: /home/bitnami/temp_project/data/interim/2020-08-24.pkl
COUNT(*)
38743
                    tempF                   humidity                  
sensor_id           dht01 dht02 dht03 dht04    dht01 dht02 dht03 dht04
when_day_time                                                         
2020-08-24 18:21:30  82.4  82.4   NaN  87.8    42.00  50.0   NaN  43.8
2020-08-24 18:22:00  82.4  82.4   NaN  87.8    42.00  50.0   NaN  44.0
2020-08-24 18:22:30  82.4  82.4   NaN  87.8    42.00  50.0   NaN  44.0
2020-08-24 18:23:00  82.4  82.4   NaN  87.8    42.20  50.0   NaN  44.0
2020-08-24 18:23:30  82.4  82.4   NaN  87.8    42.40  50.0   NaN  44.0
2020-08-24 18:24:00  82.4  82.4   NaN  87.8    42.20  50.0   NaN  44.0
2020-08-24 18:24:30  82.4  82.4   NaN  87.8    42.60  50.0   NaN  44.0
2020-08-24 18:25:00  82.4  82.4   NaN  87.8    42.50  50.0   NaN  44.0
2020-08-24 18:25:30  82.4  82.4   NaN  87.8    43.00  50.0   NaN  44.0
2020-08-24 18:26:00  82.4  82.4   NaN  87.8    42.75  50.0   NaN  44.0
Exported: /home/bitnami/temp_project/data/interim/2020-08-24.pkl
COUNT(*)
38743
                    tempF                   humidity                  
sensor_id           dht01 dht02 dht03 dht04    dht01 dht02 dht03 dht04
when_day_time                                                         
2020-08-24 18:21:30  82.4  82.4   NaN  87.8    42.00  50.0   NaN  43.8
2020-08-24 18:22:00  82.4  82.4   NaN  87.8    42.00  50.0   NaN  44.0
2020-08-24 18:22:30  82.4  82.4   NaN  87.8    42.00  50.0   NaN  44.0
2020-08-24 18:23:00  82.4  82.4   NaN  87.8    42.20  50.0   NaN  44.0
2020-08-24 18:23:30  82.4  82.4   NaN  87.8    42.40  50.0   NaN  44.0
2020-08-24 18:24:00  82.4  82.4   NaN  87.8    42.20  50.0   NaN  44.0
2020-08-24 18:24:30  82.4  82.4   NaN  87.8    42.60  50.0   NaN  44.0
2020-08-24 18:25:00  82.4  82.4   NaN  87.8    42.50  50.0   NaN  44.0
2020-08-24 18:25:30  82.4  82.4   NaN  87.8    43.00  50.0   NaN  44.0
2020-08-24 18:26:00  82.4  82.4   NaN  87.8    42.75  50.0   NaN  44.0
Exported: /home/bitnami/temp_project/data/interim/2020-08-24.pkl
COUNT(*)
38743
                    tempF                   humidity                  
sensor_id           dht01 dht02 dht03 dht04    dht01 dht02 dht03 dht04
when_day_time                                                         
2020-08-24 18:21:30  82.4  82.4   NaN  87.8    42.00  50.0   NaN  43.8
2020-08-24 18:22:00  82.4  82.4   NaN  87.8    42.00  50.0   NaN  44.0
2020-08-24 18:22:30  82.4  82.4   NaN  87.8    42.00  50.0   NaN  44.0
2020-08-24 18:23:00  82.4  82.4   NaN  87.8    42.20  50.0   NaN  44.0
2020-08-24 18:23:30  82.4  82.4   NaN  87.8    42.40  50.0   NaN  44.0
2020-08-24 18:24:00  82.4  82.4   NaN  87.8    42.20  50.0   NaN  44.0
2020-08-24 18:24:30  82.4  82.4   NaN  87.8    42.60  50.0   NaN  44.0
2020-08-24 18:25:00  82.4  82.4   NaN  87.8    42.50  50.0   NaN  44.0
2020-08-24 18:25:30  82.4  82.4   NaN  87.8    43.00  50.0   NaN  44.0
2020-08-24 18:26:00  82.4  82.4   NaN  87.8    42.75  50.0   NaN  44.0
Exported: /home/bitnami/temp_project/data/interim/2020-08-24.pkl
COUNT(*)
38743
                    tempF                   humidity                  
sensor_id           dht01 dht02 dht03 dht04    dht01 dht02 dht03 dht04
when_day_time                                                         
2020-08-24 18:21:30  82.4  82.4   NaN  87.8    42.00  50.0   NaN  43.8
2020-08-24 18:22:00  82.4  82.4   NaN  87.8    42.00  50.0   NaN  44.0
2020-08-24 18:22:30  82.4  82.4   NaN  87.8    42.00  50.0   NaN  44.0
2020-08-24 18:23:00  82.4  82.4   NaN  87.8    42.20  50.0   NaN  44.0
2020-08-24 18:23:30  82.4  82.4   NaN  87.8    42.40  50.0   NaN  44.0
2020-08-24 18:24:00  82.4  82.4   NaN  87.8    42.20  50.0   NaN  44.0
2020-08-24 18:24:30  82.4  82.4   NaN  87.8    42.60  50.0   NaN  44.0
2020-08-24 18:25:00  82.4  82.4   NaN  87.8    42.50  50.0   NaN  44.0
2020-08-24 18:25:30  82.4  82.4   NaN  87.8    43.00  50.0   NaN  44.0
2020-08-24 18:26:00  82.4  82.4   NaN  87.8    42.75  50.0   NaN  44.0
Exported: /home/bitnami/temp_project/data/interim/2020-08-24.pkl
COUNT(*)
38743
                    tempF                   humidity                  
sensor_id           dht01 dht02 dht03 dht04    dht01 dht02 dht03 dht04
when_day_time                                                         
2020-08-24 18:21:30  82.4  82.4   NaN  87.8    42.00  50.0   NaN  43.8
2020-08-24 18:22:00  82.4  82.4   NaN  87.8    42.00  50.0   NaN  44.0
2020-08-24 18:22:30  82.4  82.4   NaN  87.8    42.00  50.0   NaN  44.0
2020-08-24 18:23:00  82.4  82.4   NaN  87.8    42.20  50.0   NaN  44.0
2020-08-24 18:23:30  82.4  82.4   NaN  87.8    42.40  50.0   NaN  44.0
2020-08-24 18:24:00  82.4  82.4   NaN  87.8    42.20  50.0   NaN  44.0
2020-08-24 18:24:30  82.4  82.4   NaN  87.8    42.60  50.0   NaN  44.0
2020-08-24 18:25:00  82.4  82.4   NaN  87.8    42.50  50.0   NaN  44.0
2020-08-24 18:25:30  82.4  82.4   NaN  87.8    43.00  50.0   NaN  44.0
2020-08-24 18:26:00  82.4  82.4   NaN  87.8    42.75  50.0   NaN  44.0
Exported: /home/bitnami/temp_project/data/interim/2020-08-24.pkl
COUNT(*)
38743
                    tempF                   humidity                  
sensor_id           dht01 dht02 dht03 dht04    dht01 dht02 dht03 dht04
when_day_time                                                         
2020-08-24 18:21:30  82.4  82.4   NaN  87.8    42.00  50.0   NaN  43.8
2020-08-24 18:22:00  82.4  82.4   NaN  87.8    42.00  50.0   NaN  44.0
2020-08-24 18:22:30  82.4  82.4   NaN  87.8    42.00  50.0   NaN  44.0
2020-08-24 18:23:00  82.4  82.4   NaN  87.8    42.20  50.0   NaN  44.0
2020-08-24 18:23:30  82.4  82.4   NaN  87.8    42.40  50.0   NaN  44.0
2020-08-24 18:24:00  82.4  82.4   NaN  87.8    42.20  50.0   NaN  44.0
2020-08-24 18:24:30  82.4  82.4   NaN  87.8    42.60  50.0   NaN  44.0
2020-08-24 18:25:00  82.4  82.4   NaN  87.8    42.50  50.0   NaN  44.0
2020-08-24 18:25:30  82.4  82.4   NaN  87.8    43.00  50.0   NaN  44.0
2020-08-24 18:26:00  82.4  82.4   NaN  87.8    42.75  50.0   NaN  44.0
Exported: /home/bitnami/temp_project/data/interim/2020-08-24.pkl
COUNT(*)
38743
                    tempF                   humidity                  
sensor_id           dht01 dht02 dht03 dht04    dht01 dht02 dht03 dht04
when_day_time                                                         
2020-08-24 18:21:30  82.4  82.4   NaN  87.8    42.00  50.0   NaN  43.8
2020-08-24 18:22:00  82.4  82.4   NaN  87.8    42.00  50.0   NaN  44.0
2020-08-24 18:22:30  82.4  82.4   NaN  87.8    42.00  50.0   NaN  44.0
2020-08-24 18:23:00  82.4  82.4   NaN  87.8    42.20  50.0   NaN  44.0
2020-08-24 18:23:30  82.4  82.4   NaN  87.8    42.40  50.0   NaN  44.0
2020-08-24 18:24:00  82.4  82.4   NaN  87.8    42.20  50.0   NaN  44.0
2020-08-24 18:24:30  82.4  82.4   NaN  87.8    42.60  50.0   NaN  44.0
2020-08-24 18:25:00  82.4  82.4   NaN  87.8    42.50  50.0   NaN  44.0
2020-08-24 18:25:30  82.4  82.4   NaN  87.8    43.00  50.0   NaN  44.0
2020-08-24 18:26:00  82.4  82.4   NaN  87.8    42.75  50.0   NaN  44.0
Exported: /home/bitnami/temp_project/data/interim/2020-08-24.pkl
COUNT(*)
38743
                    tempF                   humidity                  
sensor_id           dht01 dht02 dht03 dht04    dht01 dht02 dht03 dht04
when_day_time                                                         
2020-08-24 18:21:30  82.4  82.4   NaN  87.8    42.00  50.0   NaN  43.8
2020-08-24 18:22:00  82.4  82.4   NaN  87.8    42.00  50.0   NaN  44.0
2020-08-24 18:22:30  82.4  82.4   NaN  87.8    42.00  50.0   NaN  44.0
2020-08-24 18:23:00  82.4  82.4   NaN  87.8    42.20  50.0   NaN  44.0
2020-08-24 18:23:30  82.4  82.4   NaN  87.8    42.40  50.0   NaN  44.0
2020-08-24 18:24:00  82.4  82.4   NaN  87.8    42.20  50.0   NaN  44.0
2020-08-24 18:24:30  82.4  82.4   NaN  87.8    42.60  50.0   NaN  44.0
2020-08-24 18:25:00  82.4  82.4   NaN  87.8    42.50  50.0   NaN  44.0
2020-08-24 18:25:30  82.4  82.4   NaN  87.8    43.00  50.0   NaN  44.0
2020-08-24 18:26:00  82.4  82.4   NaN  87.8    42.75  50.0   NaN  44.0
Exported: /home/bitnami/temp_project/data/interim/2020-08-24.pkl
kill: usage: kill [-s sigspec | -n signum | -sigspec] pid | jobspec ... or kill -l [sigspec]
COUNT(*)
38743
                    tempF                   humidity                  
sensor_id           dht01 dht02 dht03 dht04    dht01 dht02 dht03 dht04
when_day_time                                                         
2020-08-24 18:21:30  82.4  82.4   NaN  87.8    42.00  50.0   NaN  43.8
2020-08-24 18:22:00  82.4  82.4   NaN  87.8    42.00  50.0   NaN  44.0
2020-08-24 18:22:30  82.4  82.4   NaN  87.8    42.00  50.0   NaN  44.0
2020-08-24 18:23:00  82.4  82.4   NaN  87.8    42.20  50.0   NaN  44.0
2020-08-24 18:23:30  82.4  82.4   NaN  87.8    42.40  50.0   NaN  44.0
2020-08-24 18:24:00  82.4  82.4   NaN  87.8    42.20  50.0   NaN  44.0
2020-08-24 18:24:30  82.4  82.4   NaN  87.8    42.60  50.0   NaN  44.0
2020-08-24 18:25:00  82.4  82.4   NaN  87.8    42.50  50.0   NaN  44.0
2020-08-24 18:25:30  82.4  82.4   NaN  87.8    43.00  50.0   NaN  44.0
2020-08-24 18:26:00  82.4  82.4   NaN  87.8    42.75  50.0   NaN  44.0
Exported: /home/bitnami/temp_project/data/interim/2020-08-24.pkl
COUNT(*)
300
                     tempF             humidity            
sensor_id            dht01 dht02 dht04    dht01 dht02 dht04
when_day_time                                              
2020-08-25 00:05:00  80.60  80.6  80.6     44.0  44.0  43.0
2020-08-25 00:05:30  80.60  80.6  80.6     44.0  44.0  43.0
2020-08-25 00:06:00  80.60  80.6  80.6     44.0  44.0  43.0
2020-08-25 00:06:30  80.60  80.6  80.6     44.0  44.0  43.0
2020-08-25 00:07:00  80.60  80.6  80.6     44.0  44.0  43.0
2020-08-25 00:07:30  80.60  80.6  80.6     44.0  44.0  43.0
2020-08-25 00:08:00  80.60  80.6  80.6     44.0  44.0  43.0
2020-08-25 00:08:30  80.60  80.6  80.6     44.0  44.0  43.0
2020-08-25 00:09:00  80.96  80.6  80.6     44.2  44.0  43.0
2020-08-25 00:09:30  80.60  80.6  80.6     44.0  44.0  43.0
Exported: /home/bitnami/temp_project/data/interim/2020-08-25.pkl
COUNT(*)
1047
                     tempF             humidity            
sensor_id            dht01 dht02 dht04    dht01 dht02 dht04
when_day_time                                              
2020-08-25 00:25:00  80.60  78.8  80.6     44.0  44.0  43.0
2020-08-25 00:25:30  80.96  78.8  80.6     44.2  44.0  43.0
2020-08-25 00:26:00  80.60  78.8  80.6     43.8  44.0  43.0
2020-08-25 00:26:30  80.60  78.8  80.6     44.0  44.0  43.0
2020-08-25 00:27:00  80.60  78.8  80.6     43.8  44.0  43.0
2020-08-25 00:27:30  80.60  78.8  80.6     43.8  44.0  43.0
2020-08-25 00:28:00  80.60  78.8  80.6     43.8  44.0  43.0
2020-08-25 00:28:30  80.60  78.8  80.6     43.8  44.0  43.6
2020-08-25 00:29:00  80.60  78.8  80.6     44.0  44.0  43.8
2020-08-25 00:29:30  80.60  78.8  80.6     43.8  44.0  44.0
Exported: /home/bitnami/temp_project/data/interim/2020-08-25.pkl
COUNT(*)
1733
                     tempF              humidity            
sensor_id            dht01  dht02 dht04    dht01 dht02 dht04
when_day_time                                               
2020-08-25 00:53:00  82.40  78.80  78.8     44.8  45.0  44.0
2020-08-25 00:53:30  82.04  78.80  78.8     44.6  45.0  44.0
2020-08-25 00:54:00  81.68  78.80  78.8     44.4  45.0  44.0
2020-08-25 00:54:30  80.96  78.80  78.8     44.2  45.0  44.0
2020-08-25 00:55:00  82.04  78.80  78.8     44.8  45.0  44.0
2020-08-25 00:55:30  82.40  78.80  78.8     45.0  45.0  44.0
2020-08-25 00:56:00  81.68  78.80  78.8     44.6  45.0  44.0
2020-08-25 00:56:30  81.68  78.80  78.8     44.4  45.0  44.0
2020-08-25 00:57:00  82.04  78.44  78.8     44.8  44.8  44.0
2020-08-25 00:57:30  82.04  78.44  78.8     44.8  44.8  44.0
Exported: /home/bitnami/temp_project/data/interim/2020-08-25.pkl
COUNT(*)
2091
                     tempF              humidity            
sensor_id            dht01  dht02 dht04    dht01 dht02 dht04
when_day_time                                               
2020-08-25 01:05:00  82.40  77.00  78.8     45.0  44.0  44.0
2020-08-25 01:05:30  82.40  77.00  78.8     45.0  44.0  44.0
2020-08-25 01:06:00  82.04  77.36  78.8     44.6  44.2  44.2
2020-08-25 01:06:30  82.40  77.36  78.8     45.0  44.2  44.0
2020-08-25 01:07:00  82.40  77.00  78.8     45.0  44.0  44.0
2020-08-25 01:07:30  82.04  77.36  78.8     44.8  44.2  44.0
2020-08-25 01:08:00  82.40  77.36  78.8     45.0  44.2  44.0
2020-08-25 01:08:30  82.40  77.00  78.8     45.0  44.0  44.0
2020-08-25 01:09:00  82.40  77.00  78.8     44.8  44.0  44.0
2020-08-25 01:09:30  82.40  77.00  78.8     45.0  44.0  44.0
Exported: /home/bitnami/temp_project/data/interim/2020-08-25.pkl
COUNT(*)
2838
                    tempF              humidity            
sensor_id           dht01 dht02  dht04    dht01 dht02 dht04
when_day_time                                              
2020-08-25 01:25:00  82.4  77.0  78.80     45.0  44.0  44.6
2020-08-25 01:25:30  82.4  77.0  78.80     45.0  44.2  44.6
2020-08-25 01:26:00  82.4  77.0  78.80     45.0  44.0  45.0
2020-08-25 01:26:30  82.4  77.0  78.80     45.0  44.2  45.0
2020-08-25 01:27:00  82.4  77.0  78.44     45.4  44.0  44.8
2020-08-25 01:27:30  82.4  77.0  78.08     45.6  44.2  44.6
2020-08-25 01:28:00  82.4  77.0  78.08     45.0  44.2  44.6
2020-08-25 01:28:30  82.4  77.0  78.44     45.2  44.4  44.8
2020-08-25 01:29:00  82.4  77.0  78.80     45.8  44.4  45.0
2020-08-25 01:29:30  82.4  77.0  78.08     45.6  44.4  44.6
Exported: /home/bitnami/temp_project/data/interim/2020-08-25.pkl
COUNT(*)
3525
                     tempF              humidity            
sensor_id            dht01  dht02 dht04    dht01 dht02 dht04
when_day_time                                               
2020-08-25 01:53:00  82.04  77.00  77.0     45.6  45.0  44.0
2020-08-25 01:53:30  82.04  77.00  77.0     45.2  45.0  44.0
2020-08-25 01:54:00  82.40  76.64  77.0     45.4  45.0  44.0
2020-08-25 01:54:30  82.40  77.00  77.0     45.2  45.0  44.0
2020-08-25 01:55:00  82.04  77.00  77.0     45.6  45.0  44.0
2020-08-25 01:55:30  82.04  76.64  77.0     45.0  45.0  44.0
2020-08-25 01:56:00  82.04  77.00  77.0     45.4  45.0  44.0
2020-08-25 01:56:30  82.04  77.00  77.0     45.4  45.0  44.0
2020-08-25 01:57:00  81.68  76.28  77.0     45.0  45.0  44.0
2020-08-25 01:57:30  82.40  77.00  77.0     45.6  45.0  44.0
Exported: /home/bitnami/temp_project/data/interim/2020-08-25.pkl
COUNT(*)
3884
                     tempF              humidity            
sensor_id            dht01  dht02 dht04    dht01 dht02 dht04
when_day_time                                               
2020-08-25 02:05:30  81.32  75.56  77.0    45.40  45.0  44.0
2020-08-25 02:06:00  81.68  75.20  77.0    45.60  45.0  44.0
2020-08-25 02:06:30  81.68  75.56  77.0    45.60  45.0  44.0
2020-08-25 02:07:00  81.32  75.56  77.0    45.40  45.0  44.0
2020-08-25 02:07:30  80.96  75.20  77.0    45.20  45.0  44.0
2020-08-25 02:08:00  81.68  75.20  77.0    45.60  45.0  44.0
2020-08-25 02:08:30  81.32  75.20  77.0    45.40  45.0  44.0
2020-08-25 02:09:00  81.95  75.20  77.0    45.75  45.0  44.0
2020-08-25 02:09:30  82.04  75.20  77.0    45.80  45.0  44.0
2020-08-25 02:10:00  82.40    NaN   NaN    46.00   NaN   NaN
Exported: /home/bitnami/temp_project/data/interim/2020-08-25.pkl
COUNT(*)
4631
                     tempF              humidity            
sensor_id            dht01 dht02  dht04    dht01 dht02 dht04
when_day_time                                               
2020-08-25 02:25:30  81.32  75.2  76.64     45.4  45.6  44.8
2020-08-25 02:26:00  81.32  75.2  77.00     45.4  45.0  45.0
2020-08-25 02:26:30  82.04  75.2  77.00     45.8  45.0  45.0
2020-08-25 02:27:00  82.40  75.2  76.64     46.0  45.0  44.8
2020-08-25 02:27:30  81.68  75.2  77.00     45.6  45.2  45.0
2020-08-25 02:28:00  80.96  75.2  76.55     45.2  45.2  45.0
2020-08-25 02:28:30  81.32  75.2  77.00     45.4  45.4  45.0
2020-08-25 02:29:00  81.68  75.2  76.64     45.6  46.0  45.0
2020-08-25 02:29:30  81.32  75.2  76.64     45.4  45.8  45.0
2020-08-25 02:30:00    NaN   NaN  77.00      NaN   NaN  45.0
Exported: /home/bitnami/temp_project/data/interim/2020-08-25.pkl
COUNT(*)
5317
                     tempF              humidity            
sensor_id            dht01 dht02  dht04    dht01 dht02 dht04
when_day_time                                               
2020-08-25 02:53:30  80.96  75.2  75.20     45.2  47.0  46.0
2020-08-25 02:54:00  80.96  75.2  75.56     45.2  47.0  46.0
2020-08-25 02:54:30  80.60  75.2  75.56     45.0  47.0  45.6
2020-08-25 02:55:00  80.96  75.2  77.00     45.2  47.0  45.0
2020-08-25 02:55:30  80.60  75.2  77.00     45.0  47.0  45.0
2020-08-25 02:56:00  80.60  75.2  77.00     45.0  47.0  45.0
2020-08-25 02:56:30  80.96  75.2  77.00     45.2  47.0  45.0
2020-08-25 02:57:00  80.96  75.2  77.00     45.2  47.0  44.0
2020-08-25 02:57:30  81.32  75.2  77.00     45.4  47.0  44.4
2020-08-25 02:58:00    NaN  75.2    NaN      NaN  47.0   NaN
Exported: /home/bitnami/temp_project/data/interim/2020-08-25.pkl
COUNT(*)
5676
                     tempF              humidity            
sensor_id            dht01  dht02 dht04    dht01 dht02 dht04
when_day_time                                               
2020-08-25 03:05:00  80.60  75.20  75.2     45.0  47.0  45.0
2020-08-25 03:05:30  80.60  75.20  75.2     45.0  47.0  45.0
2020-08-25 03:06:00  80.60  75.20  75.2     45.0  47.0  45.0
2020-08-25 03:06:30  80.96  74.84  75.2     45.2  47.0  45.0
2020-08-25 03:07:00  80.60  75.20  75.2     45.0  47.0  45.0
2020-08-25 03:07:30  80.96  74.84  75.2     45.2  47.0  45.0
2020-08-25 03:08:00  80.96  75.20  75.2     45.2  47.0  45.0
2020-08-25 03:08:30  80.96  75.20  75.2     45.2  47.0  45.0
2020-08-25 03:09:00  80.60  75.20  75.2     45.0  47.0  45.0
2020-08-25 03:09:30  80.96  75.20  75.2     45.2  47.0  45.0
Exported: /home/bitnami/temp_project/data/interim/2020-08-25.pkl
COUNT(*)
6423
                     tempF               humidity            
sensor_id            dht01  dht02  dht04    dht01 dht02 dht04
when_day_time                                                
2020-08-25 03:25:00  80.60  75.20  77.00     45.0  47.0  44.0
2020-08-25 03:25:30  80.60  74.84  77.00     45.0  47.0  44.0
2020-08-25 03:26:00  80.60  75.20  77.00     45.2  47.0  44.0
2020-08-25 03:26:30  80.60  75.20  77.00     45.0  47.0  44.0
2020-08-25 03:27:00  80.96  75.20  77.00     45.2  47.0  44.0
2020-08-25 03:27:30  80.60  74.84  77.00     45.0  47.0  44.0
2020-08-25 03:28:00  80.60  74.84  75.56     45.0  47.0  44.0
2020-08-25 03:28:30  80.60  75.20  75.20     45.0  47.0  44.0
2020-08-25 03:29:00  80.60  75.20  75.20     45.0  47.0  44.6
2020-08-25 03:29:30  80.60  74.84  75.20     45.0  47.0  45.0
Exported: /home/bitnami/temp_project/data/interim/2020-08-25.pkl
COUNT(*)
7110
                    tempF             humidity            
sensor_id           dht01 dht02 dht04    dht01 dht02 dht04
when_day_time                                             
2020-08-25 03:53:00  80.6  73.4  75.2     45.2  47.8  45.0
2020-08-25 03:53:30  80.6  73.4  75.2     45.0  47.8  45.0
2020-08-25 03:54:00  80.6  73.4  75.2     45.0  47.8  45.0
2020-08-25 03:54:30  80.6  73.4  75.2     45.0  48.0  45.4
2020-08-25 03:55:00  80.6  73.4  75.2     45.0  48.0  46.2
2020-08-25 03:55:30  80.6  73.4  75.2     45.0  48.0  46.8
2020-08-25 03:56:00  80.6  73.4  75.2     45.0  48.0  46.0
2020-08-25 03:56:30  80.6  73.4  75.2     45.0  48.0  46.0
2020-08-25 03:57:00  80.6  73.4  75.2     45.0  48.0  46.0
2020-08-25 03:57:30  80.6  73.4  75.2     45.0  48.0  46.0
Exported: /home/bitnami/temp_project/data/interim/2020-08-25.pkl
COUNT(*)
7467
                    tempF               humidity            
sensor_id           dht01  dht02  dht04    dht01 dht02 dht04
when_day_time                                               
2020-08-25 04:05:00  80.6  74.48  77.00     45.0  48.0  44.0
2020-08-25 04:05:30  80.6  73.76  77.00     45.0  48.0  44.0
2020-08-25 04:06:00  80.6  73.76  77.00     45.0  48.0  44.0
2020-08-25 04:06:30  80.6  74.12  77.00     45.0  48.0  44.0
2020-08-25 04:07:00  80.6  73.85  76.64     45.0  48.0  44.0
2020-08-25 04:07:30  80.6  73.76  75.56     45.4  48.0  44.0
2020-08-25 04:08:00  80.6  73.40  75.20     45.4  48.0  44.0
2020-08-25 04:08:30  80.6  73.40  75.20     45.0  48.0  45.0
2020-08-25 04:09:00  80.6  73.40  75.20     45.0  48.0  45.0
2020-08-25 04:09:30  80.6  73.40  75.20     45.0  48.0  45.0
Exported: /home/bitnami/temp_project/data/interim/2020-08-25.pkl
COUNT(*)
8066
                    tempF               humidity            
sensor_id           dht01  dht02  dht04    dht01 dht02 dht04
when_day_time                                               
2020-08-25 04:25:30  80.6  73.40  77.00     45.0  48.6  44.0
2020-08-25 04:26:00  80.6  73.40  77.00     45.0  48.8  44.0
2020-08-25 04:26:30  80.6  73.40  76.64     45.0  48.0  44.0
2020-08-25 04:27:00  80.6  73.76  75.92     45.0  48.0  44.0
2020-08-25 04:27:30  80.6  73.40  75.20     45.0  48.0  44.0
2020-08-25 04:28:00  80.6  73.40  75.20     45.0  48.0  44.8
2020-08-25 04:28:30  80.6  73.40  75.20     45.0  48.0  45.0
2020-08-25 04:29:00  80.6  73.40  75.20     45.0  48.0  45.0
2020-08-25 04:29:30  80.6  73.40  75.20     45.0  48.0  45.0
2020-08-25 04:30:00  80.6    NaN    NaN     45.0   NaN   NaN
Exported: /home/bitnami/temp_project/data/interim/2020-08-25.pkl
COUNT(*)
8902
                    tempF               humidity            
sensor_id           dht01  dht02  dht04    dht01 dht02 dht04
when_day_time                                               
2020-08-25 04:53:30  80.6  73.40  76.28     45.0  49.0  45.0
2020-08-25 04:54:00  80.6  73.76  77.00     45.0  49.0  45.0
2020-08-25 04:54:30  80.6  73.40  77.00     45.0  49.0  44.6
2020-08-25 04:55:00  80.6  73.76  77.00     45.0  49.0  44.0
2020-08-25 04:55:30  80.6  73.40  77.00     45.0  49.0  44.0
2020-08-25 04:56:00  80.6  73.76  77.00     45.0  49.0  44.0
2020-08-25 04:56:30  80.6  73.40  77.00     44.8  49.0  44.0
2020-08-25 04:57:00  80.6  74.12  77.00     45.0  49.0  44.0
2020-08-25 04:57:30  80.6  74.48  77.00     45.0  49.0  44.0
2020-08-25 04:58:00   NaN  73.40    NaN      NaN  49.0   NaN
Exported: /home/bitnami/temp_project/data/interim/2020-08-25.pkl
COUNT(*)
9261
                    tempF              humidity            
sensor_id           dht01  dht02 dht04    dht01 dht02 dht04
when_day_time                                              
2020-08-25 05:05:00  80.6  75.20  77.0     45.0  49.0  43.0
2020-08-25 05:05:30  80.6  75.20  77.0     44.8  49.0  43.0
2020-08-25 05:06:00  80.6  75.20  77.0     45.0  49.0  43.0
2020-08-25 05:06:30  80.6  75.20  77.0     45.0  49.0  43.0
2020-08-25 05:07:00  80.6  75.20  77.0     45.0  49.0  43.0
2020-08-25 05:07:30  80.6  75.20  77.0     45.0  49.0  43.0
2020-08-25 05:08:00  80.6  74.84  77.0     45.0  49.0  43.0
2020-08-25 05:08:30  80.6  74.84  77.0     45.0  49.0  43.0
2020-08-25 05:09:00  80.6  74.48  77.0     45.0  49.0  43.0
2020-08-25 05:09:30  80.6  73.76  77.0     45.0  49.0  43.0
Exported: /home/bitnami/temp_project/data/interim/2020-08-25.pkl
COUNT(*)
9858
                    tempF              humidity            
sensor_id           dht01  dht02 dht04    dht01 dht02 dht04
when_day_time                                              
2020-08-25 05:25:00  80.6  75.20  77.0     45.0  49.0  43.0
2020-08-25 05:25:30  80.6  75.20  77.0     45.0  49.0  43.0
2020-08-25 05:26:00  80.6  75.20  77.0     45.0  49.0  43.0
2020-08-25 05:26:30  80.6  75.20  77.0     45.0  49.0  43.0
2020-08-25 05:27:00  80.6  74.84  77.0     45.0  49.0  43.0
2020-08-25 05:27:30  80.6  75.20  77.0     45.0  49.0  43.0
2020-08-25 05:28:00  80.6  75.20  77.0     45.0  49.0  43.0
2020-08-25 05:28:30  80.6  75.20  77.0     45.0  49.0  43.0
2020-08-25 05:29:00  80.6  75.20  77.0     45.0  49.0  43.0
2020-08-25 05:29:30  80.6  75.20  77.0     45.0  49.0  43.0
Exported: /home/bitnami/temp_project/data/interim/2020-08-25.pkl
COUNT(*)
10695
                    tempF              humidity            
sensor_id           dht01  dht02 dht04    dht01 dht02 dht04
when_day_time                                              
2020-08-25 05:53:00  80.6  74.84  77.0     45.0  49.8  44.0
2020-08-25 05:53:30  80.6  75.20  77.0     45.0  50.0  44.0
2020-08-25 05:54:00  80.6  74.48  77.0     45.0  49.8  44.0
2020-08-25 05:54:30  80.6  75.20  77.0     45.0  50.0  44.0
2020-08-25 05:55:00  80.6  75.20  77.0     45.0  49.6  44.0
2020-08-25 05:55:30  80.6  75.20  77.0     45.0  49.6  44.0
2020-08-25 05:56:00  80.6  75.20  77.0     45.0  49.6  43.8
2020-08-25 05:56:30  80.6  75.20  77.0     45.0  49.2  43.2
2020-08-25 05:57:00  80.6  75.20  77.0     45.0  49.4  43.0
2020-08-25 05:57:30  80.6  75.20  77.0     45.0  49.0  43.0
Exported: /home/bitnami/temp_project/data/interim/2020-08-25.pkl
COUNT(*)
11052
                    tempF               humidity            
sensor_id           dht01  dht02  dht04    dht01 dht02 dht04
when_day_time                                               
2020-08-25 06:05:00  80.6  75.20  77.00     45.0  49.0  43.0
2020-08-25 06:05:30  80.6  75.20  77.36     45.0  49.0  43.2
2020-08-25 06:06:00  80.6  74.84  77.00     45.0  49.0  43.0
2020-08-25 06:06:30  80.6  75.20  77.00     45.0  49.0  43.0
2020-08-25 06:07:00  80.6  74.84  77.00     45.0  49.0  43.0
2020-08-25 06:07:30  80.6  75.20  77.00     45.0  49.0  43.0
2020-08-25 06:08:00  80.6  75.20  77.00     44.8  49.2  43.0
2020-08-25 06:08:30  80.6  74.84  77.00     45.0  49.0  43.0
2020-08-25 06:09:00  80.6  74.84  77.00     44.8  49.0  43.0
2020-08-25 06:09:30  80.6  75.20  77.00     45.0  49.0  43.0
Exported: /home/bitnami/temp_project/data/interim/2020-08-25.pkl
COUNT(*)
11651
                    tempF             humidity            
sensor_id           dht01 dht02 dht04    dht01 dht02 dht04
when_day_time                                             
2020-08-25 06:25:30  80.6  75.2  77.0     45.0  49.0  42.6
2020-08-25 06:26:00  80.6  75.2  77.0     44.8  49.0  42.6
2020-08-25 06:26:30  80.6  75.2  77.0     45.0  49.0  42.8
2020-08-25 06:27:00  80.6  75.2  77.0     45.0  49.0  42.6
2020-08-25 06:27:30  80.6  75.2  77.0     44.8  49.0  42.6
2020-08-25 06:28:00  80.6  75.2  77.0     45.0  49.0  42.4
2020-08-25 06:28:30  80.6  75.2  77.0     44.8  49.0  42.4
2020-08-25 06:29:00  80.6  75.2  77.0     45.0  49.0  42.4
2020-08-25 06:29:30  80.6  75.2  77.0     44.8  49.0  42.4
2020-08-25 06:30:00  80.6  75.2   NaN     45.0  49.0   NaN
Exported: /home/bitnami/temp_project/data/interim/2020-08-25.pkl
COUNT(*)
12486
                    tempF             humidity            
sensor_id           dht01 dht02 dht04    dht01 dht02 dht04
when_day_time                                             
2020-08-25 06:53:00  80.6  75.2  77.0     44.6  49.0  42.0
2020-08-25 06:53:30  80.6  75.2  77.0     44.8  49.0  42.0
2020-08-25 06:54:00  80.6  75.2  77.0     44.4  49.0  42.0
2020-08-25 06:54:30  80.6  75.2  77.0     44.0  49.0  42.0
2020-08-25 06:55:00  80.6  75.2  77.0     44.4  49.0  42.0
2020-08-25 06:55:30  80.6  75.2  77.0     44.2  49.0  42.0
2020-08-25 06:56:00  80.6  75.2  77.0     44.2  49.0  42.0
2020-08-25 06:56:30  80.6  75.2  77.0     44.4  49.0  42.0
2020-08-25 06:57:00  80.6  75.2  77.0     44.6  49.0  42.0
2020-08-25 06:57:30  80.6  75.2  77.0     44.4  49.0  42.0
Exported: /home/bitnami/temp_project/data/interim/2020-08-25.pkl
COUNT(*)
12846
                    tempF              humidity            
sensor_id           dht01 dht02  dht04    dht01 dht02 dht04
when_day_time                                              
2020-08-25 07:05:30  80.6  75.2  77.00     44.2  49.0  42.0
2020-08-25 07:06:00  80.6  75.2  77.00     44.6  49.0  42.0
2020-08-25 07:06:30  80.6  75.2  77.00     44.4  49.0  42.0
2020-08-25 07:07:00  80.6  75.2  77.00     44.4  49.0  42.0
2020-08-25 07:07:30  80.6  75.2  77.00     44.0  49.0  42.0
2020-08-25 07:08:00  80.6  75.2  77.36     44.2  49.0  42.2
2020-08-25 07:08:30  80.6  75.2  77.00     44.0  49.0  42.0
2020-08-25 07:09:00  80.6  75.2  77.00     44.0  49.0  42.0
2020-08-25 07:09:30  80.6  75.2  77.00     44.0  49.0  42.0
2020-08-25 07:10:00   NaN   NaN  77.00      NaN   NaN  42.0
Exported: /home/bitnami/temp_project/data/interim/2020-08-25.pkl
COUNT(*)
13443
                    tempF              humidity            
sensor_id           dht01 dht02  dht04    dht01 dht02 dht04
when_day_time                                              
2020-08-25 07:25:00  80.6  75.2  77.36     44.4  49.0  42.2
2020-08-25 07:25:30  80.6  75.2  77.36     44.4  49.0  42.2
2020-08-25 07:26:00  80.6  75.2  77.00     44.4  49.0  42.0
2020-08-25 07:26:30  80.6  75.2  77.36     44.6  49.0  42.2
2020-08-25 07:27:00  80.6  75.2  77.00     44.0  49.0  42.0
2020-08-25 07:27:30  80.6  75.2  77.00     44.2  49.0  42.0
2020-08-25 07:28:00  80.6  75.2  77.00     44.2  49.0  42.0
2020-08-25 07:28:30  80.6  75.2  77.00     44.2  48.8  42.0
2020-08-25 07:29:00  80.6  75.2  77.36     44.2  49.0  42.2
2020-08-25 07:29:30  80.6  75.2  77.00     44.2  49.0  42.0
Exported: /home/bitnami/temp_project/data/interim/2020-08-25.pkl
COUNT(*)
14280
                    tempF             humidity            
sensor_id           dht01 dht02 dht04    dht01 dht02 dht04
when_day_time                                             
2020-08-25 07:53:30  80.6  75.2  77.0     44.0  50.0  43.0
2020-08-25 07:54:00  80.6  75.2  77.0     44.0  49.8  43.0
2020-08-25 07:54:30  80.6  75.2  77.0     44.0  50.0  43.0
2020-08-25 07:55:00  80.6  75.2  77.0     44.0  50.0  43.0
2020-08-25 07:55:30  80.6  75.2  77.0     44.0  49.8  43.0
2020-08-25 07:56:00  80.6  75.2  77.0     44.0  49.8  43.0
2020-08-25 07:56:30  80.6  75.2  77.0     44.0  49.6  43.0
2020-08-25 07:57:00  80.6  75.2  77.0     44.0  49.6  43.0
2020-08-25 07:57:30  80.6  75.2  77.0     44.0  49.4  43.0
2020-08-25 07:58:00   NaN   NaN  77.0      NaN   NaN  43.0
Exported: /home/bitnami/temp_project/data/interim/2020-08-25.pkl
COUNT(*)
14637
                    tempF              humidity             
sensor_id           dht01 dht02  dht04    dht01  dht02 dht04
when_day_time                                               
2020-08-25 08:05:00  80.6  75.2  77.00     44.0  49.00  42.8
2020-08-25 08:05:30  80.6  75.2  77.00     44.0  49.25  42.4
2020-08-25 08:06:00  80.6  75.2  77.00     44.0  49.00  42.6
2020-08-25 08:06:30  80.6  75.2  77.36     44.0  49.20  42.6
2020-08-25 08:07:00  80.6  75.2  77.00     44.0  49.60  42.8
2020-08-25 08:07:30  80.6  75.2  77.00     44.0  49.00  42.0
2020-08-25 08:08:00  80.6  75.2  77.00     44.0  49.00  42.0
2020-08-25 08:08:30  80.6  75.2  77.36     44.0  49.00  42.4
2020-08-25 08:09:00  80.6  75.2  77.00     44.0  49.00  42.0
2020-08-25 08:09:30  80.6  75.2  77.36     44.0  49.00  42.2
Exported: /home/bitnami/temp_project/data/interim/2020-08-25.pkl
COUNT(*)
15234
                    tempF              humidity            
sensor_id           dht01 dht02  dht04    dht01 dht02 dht04
when_day_time                                              
2020-08-25 08:25:00  80.6  75.2  77.00     44.0  49.0  42.0
2020-08-25 08:25:30  80.6  75.2  77.00     44.0  49.0  42.0
2020-08-25 08:26:00  80.6  75.2  77.36     44.0  49.0  42.2
2020-08-25 08:26:30  80.6  75.2  77.00     44.0  49.0  42.0
2020-08-25 08:27:00  80.6  75.2  77.00     44.0  49.0  42.0
2020-08-25 08:27:30  80.6  75.2  77.36     44.0  49.0  42.2
2020-08-25 08:28:00  80.6  75.2  77.00     44.0  49.0  42.0
2020-08-25 08:28:30  80.6  75.2  77.36     44.0  49.0  42.2
2020-08-25 08:29:00  80.6  75.2  77.00     44.0  49.0  42.0
2020-08-25 08:29:30  80.6  75.2  77.00     44.0  49.0  42.0
Exported: /home/bitnami/temp_project/data/interim/2020-08-25.pkl
COUNT(*)
16071
                    tempF               humidity            
sensor_id           dht01  dht02  dht04    dht01 dht02 dht04
when_day_time                                               
2020-08-25 08:53:00  80.6  75.20  77.00     44.0  49.0  44.0
2020-08-25 08:53:30  80.6  75.20  77.00     44.0  49.4  44.0
2020-08-25 08:54:00  80.6  75.20  77.00     44.0  49.8  44.0
2020-08-25 08:54:30  80.6  75.20  77.00     43.8  49.8  44.0
2020-08-25 08:55:00  80.6  75.20  77.00     43.8  49.8  43.8
2020-08-25 08:55:30  80.6  75.20  77.36     43.8  49.6  43.2
2020-08-25 08:56:00  80.6  75.20  77.00     43.4  49.8  43.0
2020-08-25 08:56:30  80.6  75.20  77.00     43.4  49.8  43.0
2020-08-25 08:57:00  80.6  75.56  77.36     43.0  49.8  43.2
2020-08-25 08:57:30  80.6  75.20  77.00     43.0  50.0  43.0
Exported: /home/bitnami/temp_project/data/interim/2020-08-25.pkl
COUNT(*)
16431
                     tempF               humidity            
sensor_id            dht01  dht02  dht04    dht01 dht02 dht04
when_day_time                                                
2020-08-25 09:05:30  80.60  75.20  78.80    43.00  49.2  43.0
2020-08-25 09:06:00  80.96  75.56  78.80    43.20  49.0  43.4
2020-08-25 09:06:30  80.60  75.20  78.80    43.00  49.0  43.4
2020-08-25 09:07:00  80.96  75.20  78.80    43.20  49.0  43.0
2020-08-25 09:07:30  80.60  75.56  78.80    43.00  49.0  43.0
2020-08-25 09:08:00  80.96  75.20  78.44    43.20  49.0  42.8
2020-08-25 09:08:30  80.60  75.20  78.80    43.00  49.0  43.0
2020-08-25 09:09:00  81.05  75.20  78.80    43.25  49.0  43.0
2020-08-25 09:09:30  80.60  75.20  78.44    43.00  49.0  42.8
2020-08-25 09:10:00  82.40    NaN  78.80    44.00   NaN  43.0
Exported: /home/bitnami/temp_project/data/interim/2020-08-25.pkl
COUNT(*)
17028
                    tempF              humidity            
sensor_id           dht01  dht02 dht04    dht01 dht02 dht04
when_day_time                                              
2020-08-25 09:25:00  82.4  75.56  78.8     43.0  49.2  43.0
2020-08-25 09:25:30  82.4  75.20  78.8     43.0  49.2  43.0
2020-08-25 09:26:00  82.4  75.20  78.8     43.0  49.4  43.0
2020-08-25 09:26:30  82.4  75.20  78.8     42.8  49.0  43.0
2020-08-25 09:27:00  82.4  75.92  78.8     43.0  49.0  43.0
2020-08-25 09:27:30  82.4  75.92  78.8     43.0  49.2  43.0
2020-08-25 09:28:00  82.4  75.20  78.8     43.0  49.2  43.0
2020-08-25 09:28:30  82.4  75.56  78.8     43.0  49.4  43.0
2020-08-25 09:29:00  82.4  75.92  78.8     43.0  49.0  43.0
2020-08-25 09:29:30  82.4  76.28  78.8     43.0  49.0  43.0
Exported: /home/bitnami/temp_project/data/interim/2020-08-25.pkl
COUNT(*)
17864
                    tempF              humidity            
sensor_id           dht01  dht02 dht04    dht01 dht02 dht04
when_day_time                                              
2020-08-25 09:53:30  82.4  75.92  78.8     42.0  49.0  43.0
2020-08-25 09:54:00  82.4  76.64  78.8     42.0  49.0  43.0
2020-08-25 09:54:30  82.4  76.28  78.8     42.0  49.0  43.0
2020-08-25 09:55:00  82.4  76.28  78.8     42.0  49.0  43.0
2020-08-25 09:55:30  82.4  77.00  78.8     42.0  49.0  43.0
2020-08-25 09:56:00  82.4  77.00  78.8     42.0  49.0  43.0
2020-08-25 09:56:30  82.4  76.64  78.8     42.0  49.0  43.0
2020-08-25 09:57:00  82.4  76.64  78.8     42.0  49.0  43.0
2020-08-25 09:57:30  82.4  76.64  78.8     42.0  49.0  43.0
2020-08-25 09:58:00  82.4  77.00  78.8     42.0  49.0  43.0
Exported: /home/bitnami/temp_project/data/interim/2020-08-25.pkl
COUNT(*)
18221
                    tempF              humidity            
sensor_id           dht01  dht02 dht04    dht01 dht02 dht04
when_day_time                                              
2020-08-25 10:05:00  82.4  77.00  78.8     42.0  49.0  43.0
2020-08-25 10:05:30  82.4  77.00  78.8     42.0  49.0  43.0
2020-08-25 10:06:00  82.4  77.00  78.8     42.4  49.0  43.0
2020-08-25 10:06:30  82.4  76.64  78.8     42.0  49.0  43.0
2020-08-25 10:07:00  82.4  76.28  78.8     42.4  49.0  43.0
2020-08-25 10:07:30  82.4  76.64  78.8     42.0  49.0  43.0
2020-08-25 10:08:00  82.4  75.92  78.8     42.2  49.0  43.0
2020-08-25 10:08:30  82.4  75.20  78.8     42.0  49.0  43.0
2020-08-25 10:09:00  82.4  75.56  78.8     42.0  49.0  43.0
2020-08-25 10:09:30  82.4  75.20  78.8     42.0  49.0  43.8
Exported: /home/bitnami/temp_project/data/interim/2020-08-25.pkl
COUNT(*)
18818
                    tempF               humidity            
sensor_id           dht01  dht02  dht04    dht01 dht02 dht04
when_day_time                                               
2020-08-25 10:25:00  82.4  77.00  79.52     43.0  49.0  43.0
2020-08-25 10:25:30  82.4  77.00  79.88     42.2  49.0  43.0
2020-08-25 10:26:00  82.4  76.64  80.60     42.2  49.0  43.0
2020-08-25 10:26:30  82.4  77.00  80.60     42.0  49.0  43.0
2020-08-25 10:27:00  82.4  76.64  80.24     42.8  49.0  43.0
2020-08-25 10:27:30  82.4  76.64  80.60     42.6  49.0  43.0
2020-08-25 10:28:00  82.4  76.64  80.60     42.4  49.0  43.0
2020-08-25 10:28:30  82.4  76.64  80.60     42.4  49.0  43.0
2020-08-25 10:29:00  82.4  77.00  80.24     42.8  49.0  43.0
2020-08-25 10:29:30  82.4  77.00  80.60     42.4  49.0  43.0
Exported: /home/bitnami/temp_project/data/interim/2020-08-25.pkl
COUNT(*)
19655
                    tempF             humidity            
sensor_id           dht01 dht02 dht04    dht01 dht02 dht04
when_day_time                                             
2020-08-25 10:53:00  82.4  77.0  80.6     43.0  49.0  43.0
2020-08-25 10:53:30  82.4  77.0  80.6     43.0  49.0  43.0
2020-08-25 10:54:00  82.4  77.0  80.6     42.8  49.0  43.0
2020-08-25 10:54:30  82.4  77.0  80.6     42.8  49.0  43.0
2020-08-25 10:55:00  82.4  77.0  80.6     43.0  49.0  43.0
2020-08-25 10:55:30  82.4  77.0  80.6     43.0  49.0  43.0
2020-08-25 10:56:00  82.4  77.0  80.6     42.6  49.0  43.0
2020-08-25 10:56:30  82.4  77.0  80.6     42.6  49.0  43.0
2020-08-25 10:57:00  82.4  77.0  80.6     43.0  49.0  43.0
2020-08-25 10:57:30  82.4  77.0  80.6     43.0  49.0  43.0
Exported: /home/bitnami/temp_project/data/interim/2020-08-25.pkl
COUNT(*)
20014
                    tempF              humidity            
sensor_id           dht01  dht02 dht04    dht01 dht02 dht04
when_day_time                                              
2020-08-25 11:05:30  82.4  77.00  80.6     42.4  50.0  43.0
2020-08-25 11:06:00  82.4  76.64  80.6     43.0  50.0  43.0
2020-08-25 11:06:30  82.4  77.00  80.6     43.0  50.0  43.0
2020-08-25 11:07:00  82.4  77.00  80.6     43.0  50.0  43.0
2020-08-25 11:07:30  82.4  77.00  80.6     43.0  50.0  43.0
2020-08-25 11:08:00  82.4  77.00  80.6     42.8  50.0  43.0
2020-08-25 11:08:30  82.4  77.00  80.6     42.8  50.0  43.0
2020-08-25 11:09:00  82.4  77.00  80.6     43.0  50.0  43.0
2020-08-25 11:09:30  82.4  77.00  80.6     42.6  50.0  43.0
2020-08-25 11:10:00  82.4  77.00   NaN     43.0  50.0   NaN
Exported: /home/bitnami/temp_project/data/interim/2020-08-25.pkl
COUNT(*)
20612
                     tempF              humidity            
sensor_id            dht01 dht02  dht04    dht01 dht02 dht04
when_day_time                                               
2020-08-25 11:25:30  81.68  77.0  80.60     43.2  49.0  42.0
2020-08-25 11:26:00  81.32  77.0  80.60     43.4  49.0  42.2
2020-08-25 11:26:30  80.96  77.0  80.60     43.2  49.0  42.4
2020-08-25 11:27:00  81.50  77.0  80.96     43.5  49.0  42.4
2020-08-25 11:27:30  81.68  77.0  80.60     43.6  49.0  42.4
2020-08-25 11:28:00  81.68  77.0  80.60     43.6  49.0  42.4
2020-08-25 11:28:30  81.32  77.0  80.60     43.4  49.0  42.4
2020-08-25 11:29:00  82.40  77.0  80.60     43.8  49.0  42.4
2020-08-25 11:29:30  82.04  77.0  80.60     43.8  49.0  42.2
2020-08-25 11:30:00  82.40   NaN  80.60     43.0   NaN  42.0
Exported: /home/bitnami/temp_project/data/interim/2020-08-25.pkl
COUNT(*)
21448
                    tempF              humidity            
sensor_id           dht01  dht02 dht04    dht01 dht02 dht04
when_day_time                                              
2020-08-25 11:53:30  82.4  77.00  82.4     43.0  49.0  43.0
2020-08-25 11:54:00  82.4  77.00  82.4     43.0  49.0  43.0
2020-08-25 11:54:30  82.4  77.00  82.4     43.0  49.0  43.0
2020-08-25 11:55:00  82.4  77.36  82.4     43.0  49.2  43.0
2020-08-25 11:55:30  82.4  77.00  82.4     43.0  49.0  43.0
2020-08-25 11:56:00  82.4  77.00  82.4     43.0  49.0  43.0
2020-08-25 11:56:30  82.4  77.00  82.4     43.0  49.0  43.0
2020-08-25 11:57:00  82.4  77.00  82.4     43.0  49.0  43.0
2020-08-25 11:57:30  82.4  77.00  82.4     43.0  49.0  43.0
2020-08-25 11:58:00  82.4  77.00   NaN     42.0  49.0   NaN
Exported: /home/bitnami/temp_project/data/interim/2020-08-25.pkl
COUNT(*)
21806
                     tempF              humidity            
sensor_id            dht01  dht02 dht04    dht01 dht02 dht04
when_day_time                                               
2020-08-25 12:05:00  82.40  77.00  82.4     43.0  49.0  43.0
2020-08-25 12:05:30  81.32  77.00  82.4     42.4  49.0  43.0
2020-08-25 12:06:00  80.96  77.00  82.4     42.2  49.0  43.0
2020-08-25 12:06:30  80.60  77.00  82.4     42.0  49.0  43.0
2020-08-25 12:07:00  80.60  77.00  82.4     42.2  49.0  43.0
2020-08-25 12:07:30  80.60  77.00  82.4     43.6  49.0  43.0
2020-08-25 12:08:00  80.60  77.00  82.4     44.8  49.0  43.0
2020-08-25 12:08:30  80.60  77.36  82.4     45.0  49.2  43.0
2020-08-25 12:09:00  80.60  77.00  82.4     44.6  49.0  43.0
2020-08-25 12:09:30  80.60  77.00  82.4     44.0  49.0  43.0
Exported: /home/bitnami/temp_project/data/interim/2020-08-25.pkl
COUNT(*)
22603
                    tempF                     humidity                  
sensor_id           dht01  dht02  dht03 dht04    dht01 dht02 dht03 dht04
when_day_time                                                           
2020-08-25 12:25:30  82.4  78.44  80.60  82.4     43.0  49.8  48.0  43.0
2020-08-25 12:26:00  82.4  78.44  80.60  82.4     43.0  49.8  48.0  43.0
2020-08-25 12:26:30  82.4  78.80  80.24  82.4     43.0  50.0  48.0  43.0
2020-08-25 12:27:00  82.4  78.44  80.60  82.4     43.0  49.8  48.0  43.0
2020-08-25 12:27:30  82.4  78.44  80.24  82.4     43.0  49.8  48.0  43.0
2020-08-25 12:28:00  82.4  78.44  80.60  82.4     43.0  49.8  48.0  43.0
2020-08-25 12:28:30  82.4  78.80  80.60  82.4     43.0  50.0  48.0  43.0
2020-08-25 12:29:00  82.4  78.08  80.60  82.4     43.0  49.6  48.0  43.0
2020-08-25 12:29:30  82.4  78.08  80.24  82.4     43.0  49.6  48.0  43.0
2020-08-25 12:30:00   NaN    NaN  80.60   NaN      NaN   NaN  48.0   NaN
Exported: /home/bitnami/temp_project/data/interim/2020-08-25.pkl
COUNT(*)
23718
                    tempF                    humidity                  
sensor_id           dht01 dht02 dht03  dht04    dht01 dht02 dht03 dht04
when_day_time                                                          
2020-08-25 12:53:30  82.4  78.8  80.6  82.40     43.0  50.0  48.0  43.0
2020-08-25 12:54:00  82.4  78.8  80.6  82.40     43.0  49.8  48.0  43.0
2020-08-25 12:54:30  82.4  78.8  80.6  82.40     43.0  50.0  48.0  43.0
2020-08-25 12:55:00  82.4  78.8  80.6  82.76     43.0  49.8  48.0  43.2
2020-08-25 12:55:30  82.4  78.8  80.6  82.76     43.0  49.4  48.0  43.2
2020-08-25 12:56:00  82.4  78.8  80.6  82.40     43.0  49.4  48.0  43.0
2020-08-25 12:56:30  82.4  78.8  80.6  82.40     43.0  49.8  48.0  43.0
2020-08-25 12:57:00  82.4  78.8  80.6  82.76     43.0  49.6  48.0  43.0
2020-08-25 12:57:30  82.4  78.8  80.6  82.40     43.0  49.8  48.0  43.0
2020-08-25 12:58:00   NaN   NaN   NaN  82.40      NaN   NaN   NaN  43.0
Exported: /home/bitnami/temp_project/data/interim/2020-08-25.pkl
COUNT(*)
24196
                     tempF                     humidity                   
sensor_id            dht01 dht02  dht03  dht04    dht01  dht02 dht03 dht04
when_day_time                                                             
2020-08-25 13:05:30  82.40  78.8  80.60  84.20     43.0  49.60  48.0  43.8
2020-08-25 13:06:00  82.40  78.8  80.60  84.20     43.0  49.60  48.0  43.4
2020-08-25 13:06:30  82.40  78.8  80.24  84.20     43.0  49.40  48.0  43.8
2020-08-25 13:07:00  82.40  78.8  80.60  84.20     43.0  49.60  48.0  44.0
2020-08-25 13:07:30  82.04  78.8  80.60  83.84     42.8  49.20  48.0  43.6
2020-08-25 13:08:00  80.60  78.8  80.60  84.20     43.0  49.75  47.6  44.0
2020-08-25 13:08:30  80.60  78.8  80.60  84.20     43.0  49.60  47.4  43.4
2020-08-25 13:09:00  80.60  78.8  80.24  84.20     43.0  49.80  47.0  43.8
2020-08-25 13:09:30  80.60  78.8  80.60  83.84     43.0  49.60  47.0  43.4
2020-08-25 13:10:00    NaN  78.8    NaN    NaN      NaN  49.00   NaN   NaN
Exported: /home/bitnami/temp_project/data/interim/2020-08-25.pkl
COUNT(*)
24994
                    tempF                    humidity                  
sensor_id           dht01 dht02  dht03 dht04    dht01 dht02 dht03 dht04
when_day_time                                                          
2020-08-25 13:25:30   NaN  78.8  80.60  84.2      NaN  49.0  49.0  43.8
2020-08-25 13:26:00   NaN  78.8  80.60  84.2      NaN  49.0  48.6  43.8
2020-08-25 13:26:30   NaN  78.8  80.60  84.2      NaN  49.0  48.6  43.8
2020-08-25 13:27:00   NaN  78.8  80.60  84.2      NaN  49.0  48.2  43.6
2020-08-25 13:27:30   NaN  78.8  80.24  84.2      NaN  49.0  48.0  43.8
2020-08-25 13:28:00   NaN  78.8  80.60  84.2      NaN  49.0  48.0  43.8
2020-08-25 13:28:30   NaN  78.8  80.60  84.2      NaN  49.0  48.2  43.4
2020-08-25 13:29:00   NaN  78.8  80.60  84.2      NaN  49.0  48.2  44.0
2020-08-25 13:29:30   NaN  78.8  80.60  84.2      NaN  49.0  48.4  43.8
2020-08-25 13:30:00   NaN  78.8    NaN  84.2      NaN  49.0   NaN  44.0
Exported: /home/bitnami/temp_project/data/interim/2020-08-25.pkl
